Arguments: 
  /usr/bin/node /usr/share/yarn/bin/yarn.js add @test/a

PATH: 
  /home/asvetl/bin:/usr/local/sbin:/usr/local/bin:/usr/sbin:/usr/bin:/sbin:/bin:/usr/games:/usr/local/games:/mnt/c/Program Files/Docker/Docker/resources/bin:/mnt/c/Windows/System32:/mnt/c/Windows:/mnt/c/Windows/System32/wbem:/mnt/c/Windows/System32/WindowsPowerShell/v1.0:/mnt/c/Windows/System32/OpenSSH:/mnt/c/Program Files (x86)/NVIDIA Corporation/PhysX/Common:/mnt/c/Windows/System32:/mnt/c/Windows:/mnt/c/Windows/System32/wbem:/mnt/c/Windows/System32/WindowsPowerShell/v1.0:/mnt/c/Windows/System32/OpenSSH:/mnt/c/wslbin:/mnt/c/Users/asvet/.cargo/bin:/mnt/c/Users/asvet/AppData/Local/Microsoft/WindowsApps:/mnt/c/Users/asvet/AppData/Local/Programs/Microsoft VS Code/bin:/mnt/c/work/bin:/mnt/c/Program Files (x86)/Oni/resources/app/cli/win:/mnt/c/Users/asvet/AppData/Local/hyper/app-2.0.0/resources/bin:/snap/bin:~/.yarn/bin:~/bin

Yarn version: 
  1.10.1

Node version: 
  10.11.0

Platform: 
  linux x64

Trace: 
  Error: https://registry.yarnpkg.com/@test%2fa: Not found
      at Request.params.callback [as _callback] (/usr/share/yarn/lib/cli.js:61073:18)
      at Request.self.callback (/usr/share/yarn/lib/cli.js:120166:22)
      at Request.emit (events.js:182:13)
      at Request.<anonymous> (/usr/share/yarn/lib/cli.js:121138:10)
      at Request.emit (events.js:182:13)
      at IncomingMessage.<anonymous> (/usr/share/yarn/lib/cli.js:121060:12)
      at Object.onceWrapper (events.js:273:13)
      at IncomingMessage.emit (events.js:187:15)
      at endReadableNT (_stream_readable.js:1092:12)
      at process._tickCallback (internal/process/next_tick.js:63:19)

npm manifest: 
  {
    "name": "@test/b",
    "version": "1.0.0",
    "main": "index.js",
    "private": true,
    "license": "MIT"
  }

yarn manifest: 
  No manifest

Lockfile: 
  # THIS IS AN AUTOGENERATED FILE. DO NOT EDIT THIS FILE DIRECTLY.
  # yarn lockfile v1
  
  
  typescript@^3.2.0-dev.20181010:
    version "3.2.0-dev.20181010"
    resolved "https://registry.yarnpkg.com/typescript/-/typescript-3.2.0-dev.20181010.tgz#97cef66be35bc93fc2c118823e6d6c367d985897"
    integrity sha512-LRrLTy4i3jluXTML/3RirE3mMRO7jsr6OfNiuFMJa1Sp5ZNbY+bowuWUrWn0c/0XKb/IZOBywEL4Fwdm52/YmQ==
